[01:24 11:56:30.881] [INFO] [com.cg.jcat.api.JcatApiApplication] - Starting JcatApiApplication on LIN16010862 with PID 8076 (C:\Users\komjagta\JCAT\Project\JCAT\JCAT_API\target\classes started by komjagta in C:\Users\komjagta\JCAT\Project\JCAT\JCAT_API)
 [01:24 11:56:30.882] [INFO] [com.cg.jcat.api.JcatApiApplication] - No active profile set, falling back to default profiles: default
 [01:24 11:56:31.088] [INFO] [o.s.d.r.c.RepositoryConfigurationDelegate] - Bootstrapping Spring Data repositories in DEFAULT mode.
 [01:24 11:56:31.143] [INFO] [o.s.d.r.c.RepositoryConfigurationDelegate] - Finished Spring Data repository scanning in 55ms. Found 16 repository interfaces.
 [01:24 11:56:31.182] [INFO] [o.s.c.s.PostProcessorRegistrationDelegate$BeanPostProcessorChecker] - Bean 'org.springframework.transaction.annotation.ProxyTransactionManagementConfiguration' of type [org.springframework.transaction.annotation.ProxyTransactionManagementConfiguration$$EnhancerBySpringCGLIB$$edab55d] is not eligible for getting processed by all BeanPostProcessors (for example: not eligible for auto-proxying)
 [01:24 11:56:31.413] [INFO] [o.s.b.w.e.tomcat.TomcatWebServer] - Tomcat initialized with port(s): 8099 (http)
 [01:24 11:56:31.413] [INFO] [o.a.catalina.core.StandardService] - Starting service [Tomcat]
 [01:24 11:56:31.413] [INFO] [o.a.catalina.core.StandardEngine] - Starting Servlet engine: [Apache Tomcat/9.0.14]
 [01:24 11:56:31.520] [INFO] [o.a.c.c.C.[Tomcat-1].[localhost].[/]] - Initializing Spring embedded WebApplicationContext
 [01:24 11:56:31.520] [INFO] [o.s.web.context.ContextLoader] - Root WebApplicationContext: initialization completed in 637 ms
 [01:24 11:56:31.552] [INFO] [com.zaxxer.hikari.HikariDataSource] - HikariPool-32 - Starting...
 [01:24 11:56:31.561] [INFO] [com.zaxxer.hikari.HikariDataSource] - HikariPool-32 - Start completed.
 [01:24 11:56:31.582] [INFO] [o.h.jpa.internal.util.LogHelper] - HHH000204: Processing PersistenceUnitInfo [
	name: default
	...]
 [01:24 11:56:31.631] [INFO] [org.hibernate.dialect.Dialect] - HHH000400: Using dialect: org.hibernate.dialect.MySQL5InnoDBDialect
 [01:24 11:56:31.847] [INFO] [o.s.o.j.LocalContainerEntityManagerFactoryBean] - Initialized JPA EntityManagerFactory for persistence unit 'default'
 [01:24 11:56:31.852] [INFO] [o.s.b.d.a.OptionalLiveReloadServer] - LiveReload server is running on port 35729
 [01:24 11:56:32.111] [INFO] [o.s.s.c.ThreadPoolTaskExecutor] - Initializing ExecutorService 'applicationTaskExecutor'
 [01:24 11:56:32.115] [WARN] [o.s.b.a.o.j.JpaBaseConfiguration$JpaWebConfiguration$JpaWebMvcConfiguration] - spring.jpa.open-in-view is enabled by default. Therefore, database queries may be performed during view rendering. Explicitly configure spring.jpa.open-in-view to disable this warning
 [01:24 11:56:32.215] [INFO] [o.s.b.w.e.tomcat.TomcatWebServer] - Tomcat started on port(s): 8099 (http) with context path ''
 [01:24 11:56:32.216] [INFO] [com.cg.jcat.api.JcatApiApplication] - Started JcatApiApplication in 1.352 seconds (JVM running for 4319.004)
 [01:24 11:56:32.218] [INFO] [o.s.b.d.a.ConditionEvaluationDeltaLoggingListener] - Condition evaluation unchanged
 [01:24 11:56:32.219] [INFO] [com.cg.jcat.api.JcatApiApplication] - --info--Application Started--
 